d:\cppprojs\opengl_coursework\opengl_coursework\x64\debug\vc143.pdb
d:\cppprojs\opengl_coursework\opengl_coursework\x64\debug\vc143.idb
d:\cppprojs\opengl_coursework\opengl_coursework\x64\debug\main.obj
d:\cppprojs\opengl_coursework\opengl_coursework\x64\debug\camera.obj
d:\cppprojs\opengl_coursework\opengl_coursework\x64\debug\shader.obj
d:\cppprojs\opengl_coursework\opengl_coursework\x64\debug\texture.obj
d:\cppprojs\opengl_coursework\opengl_coursework\x64\debug\material.obj
d:\cppprojs\opengl_coursework\opengl_coursework\x64\debug\mesh.obj
d:\cppprojs\opengl_coursework\opengl_coursework\x64\debug\primitives.obj
d:\cppprojs\opengl_coursework\opengl_coursework\x64\debug\game.obj
d:\cppprojs\opengl_coursework\opengl_coursework\x64\debug\light.obj
d:\cppprojs\opengl_coursework\x64\debug\opengl_coursework.exe
d:\cppprojs\opengl_coursework\x64\debug\opengl_coursework.pdb
d:\cppprojs\opengl_coursework\opengl_coursework\x64\debug\opengl_coursework.ilk
d:\cppprojs\opengl_coursework\opengl_coursework\x64\debug\renderer.obj
d:\cppprojs\opengl_coursework\opengl_coursework\x64\debug\shadermanager.obj
d:\cppprojs\opengl_coursework\opengl_coursework\x64\debug\window.obj
d:\cppprojs\opengl_coursework\opengl_coursework\x64\debug\opengl_c.a902b320.tlog\cl.command.1.tlog
d:\cppprojs\opengl_coursework\opengl_coursework\x64\debug\opengl_c.a902b320.tlog\cl.items.tlog
d:\cppprojs\opengl_coursework\opengl_coursework\x64\debug\opengl_c.a902b320.tlog\cl.read.1.tlog
d:\cppprojs\opengl_coursework\opengl_coursework\x64\debug\opengl_c.a902b320.tlog\cl.write.1.tlog
d:\cppprojs\opengl_coursework\opengl_coursework\x64\debug\opengl_c.a902b320.tlog\link.command.1.tlog
d:\cppprojs\opengl_coursework\opengl_coursework\x64\debug\opengl_c.a902b320.tlog\link.read.1.tlog
d:\cppprojs\opengl_coursework\opengl_coursework\x64\debug\opengl_c.a902b320.tlog\link.secondary.1.tlog
d:\cppprojs\opengl_coursework\opengl_coursework\x64\debug\opengl_c.a902b320.tlog\link.write.1.tlog
