  Game.cpp
D:\CppProjs\OpenGL_Coursework\OpenGL_Coursework\Game.cpp(142,50): warning C4244: 'argument': conversion from 'int' to 'float', possible loss of data
D:\CppProjs\OpenGL_Coursework\OpenGL_Coursework\Game.cpp(368,76): warning C4244: 'argument': conversion from 'int' to 'float', possible loss of data
D:\CppProjs\OpenGL_Coursework\OpenGL_Coursework\Game.cpp(368,73): warning C4244: 'argument': conversion from 'int' to 'float', possible loss of data
D:\CppProjs\OpenGL_Coursework\OpenGL_Coursework\Game.cpp(383,75): warning C4244: 'argument': conversion from 'int' to 'float', possible loss of data
D:\CppProjs\OpenGL_Coursework\OpenGL_Coursework\Game.cpp(383,72): warning C4244: 'argument': conversion from 'int' to 'float', possible loss of data
D:\CppProjs\OpenGL_Coursework\OpenGL_Coursework\Game.cpp(559,70): warning C4244: 'argument': conversion from 'int' to 'float', possible loss of data
D:\CppProjs\OpenGL_Coursework\OpenGL_Coursework\Game.cpp(559,67): warning C4244: 'argument': conversion from 'int' to 'float', possible loss of data
D:\CppProjs\OpenGL_Coursework\OpenGL_Coursework\Game.cpp(572,70): warning C4244: 'argument': conversion from 'int' to 'float', possible loss of data
D:\CppProjs\OpenGL_Coursework\OpenGL_Coursework\Game.cpp(572,67): warning C4244: 'argument': conversion from 'int' to 'float', possible loss of data
D:\CppProjs\OpenGL_Coursework\OpenGL_Coursework\Game.cpp(622,12): warning C4244: '=': conversion from 'double' to 'GLfloat', possible loss of data
D:\CppProjs\OpenGL_Coursework\OpenGL_Coursework\Game.cpp(623,12): warning C4244: '=': conversion from 'double' to 'GLfloat', possible loss of data
D:\CppProjs\OpenGL_Coursework\OpenGL_Coursework\Game.cpp(627,19): warning C4244: 'initializing': conversion from 'double' to 'GLfloat', possible loss of data
D:\CppProjs\OpenGL_Coursework\OpenGL_Coursework\Game.cpp(628,19): warning C4244: 'initializing': conversion from 'double' to 'GLfloat', possible loss of data
D:\CppProjs\OpenGL_Coursework\OpenGL_Coursework\Game.cpp(630,11): warning C4244: '=': conversion from 'double' to 'GLfloat', possible loss of data
D:\CppProjs\OpenGL_Coursework\OpenGL_Coursework\Game.cpp(631,11): warning C4244: '=': conversion from 'double' to 'GLfloat', possible loss of data
D:\CppProjs\OpenGL_Coursework\OpenGL_Coursework\Game.cpp(690,35): warning C4244: 'argument': conversion from 'double' to 'GLfloat', possible loss of data
  Grass.cpp
D:\CppProjs\OpenGL_Coursework\OpenGL_Coursework\Grass.cpp(13,17): warning C4244: 'initializing': conversion from 'double' to 'float', possible loss of data
D:\CppProjs\OpenGL_Coursework\OpenGL_Coursework\Grass.cpp(14,17): warning C4244: 'initializing': conversion from 'double' to 'float', possible loss of data
D:\CppProjs\OpenGL_Coursework\OpenGL_Coursework\Grass.cpp(19,31): warning C4244: '=': conversion from 'double' to 'float', possible loss of data
D:\CppProjs\OpenGL_Coursework\OpenGL_Coursework\Grass.cpp(67,18): warning C4244: 'initializing': conversion from 'float' to 'int', possible loss of data
D:\CppProjs\OpenGL_Coursework\OpenGL_Coursework\Grass.cpp(68,22): warning C4244: 'initializing': conversion from 'float' to 'int', possible loss of data
D:\CppProjs\OpenGL_Coursework\OpenGL_Coursework\Grass.cpp(69,25): warning C4267: 'initializing': conversion from 'size_t' to 'int', possible loss of data
  HealthBar.cpp
  main.cpp
  Skybox.cpp
  Sound.cpp
  Text.cpp
  Generating Code...
  LINK : D:\CppProjs\OpenGL_Coursework\x64\Debug\OpenGL_Coursework.exe not found or not built by the last incremental link; performing full link
Camera.obj : warning LNK4099: PDB '' was not found with 'Camera.obj' or at ''; linking object as if no debug info
Light.obj : warning LNK4099: PDB '' was not found with 'Light.obj' or at ''; linking object as if no debug info
Primitives.obj : warning LNK4099: PDB '' was not found with 'Primitives.obj' or at ''; linking object as if no debug info
Shader.obj : warning LNK4099: PDB '' was not found with 'Shader.obj' or at ''; linking object as if no debug info
glew32sd.lib(glew.obj) : warning LNK4099: PDB '' was not found with 'glew32sd.lib(glew.obj)' or at ''; linking object as if no debug info
soil2-debug.lib(SOIL2.obj) : warning LNK4099: PDB '' was not found with 'soil2-debug.lib(SOIL2.obj)' or at ''; linking object as if no debug info
soil2-debug.lib(image_DXT.obj) : warning LNK4099: PDB '' was not found with 'soil2-debug.lib(image_DXT.obj)' or at ''; linking object as if no debug info
soil2-debug.lib(wfETC.obj) : warning LNK4099: PDB '' was not found with 'soil2-debug.lib(wfETC.obj)' or at ''; linking object as if no debug info
soil2-debug.lib(image_helper.obj) : warning LNK4099: PDB '' was not found with 'soil2-debug.lib(image_helper.obj)' or at ''; linking object as if no debug info
  OpenGL_Coursework.vcxproj -> D:\CppProjs\OpenGL_Coursework\x64\Debug\OpenGL_Coursework.exe
