  Camera.cpp
  Game.cpp
D:\CppProjs\OpenGL_Coursework\OpenGL_Coursework\Game.cpp(351,11): warning C4244: '=': conversion from 'double' to 'GLfloat', possible loss of data
D:\CppProjs\OpenGL_Coursework\OpenGL_Coursework\Game.cpp(352,11): warning C4244: '=': conversion from 'double' to 'GLfloat', possible loss of data
D:\CppProjs\OpenGL_Coursework\OpenGL_Coursework\Game.cpp(356,18): warning C4244: 'initializing': conversion from 'double' to 'GLfloat', possible loss of data
D:\CppProjs\OpenGL_Coursework\OpenGL_Coursework\Game.cpp(357,18): warning C4244: 'initializing': conversion from 'double' to 'GLfloat', possible loss of data
D:\CppProjs\OpenGL_Coursework\OpenGL_Coursework\Game.cpp(359,10): warning C4244: '=': conversion from 'double' to 'GLfloat', possible loss of data
D:\CppProjs\OpenGL_Coursework\OpenGL_Coursework\Game.cpp(360,10): warning C4244: '=': conversion from 'double' to 'GLfloat', possible loss of data
D:\CppProjs\OpenGL_Coursework\OpenGL_Coursework\Game.cpp(415,35): warning C4244: 'argument': conversion from 'double' to 'GLfloat', possible loss of data
  Light.cpp
  main.cpp
D:\CppProjs\OpenGL_Coursework\OpenGL_Coursework\main.cpp(268,11): warning C4244: '=': conversion from 'double' to 'GLfloat', possible loss of data
D:\CppProjs\OpenGL_Coursework\OpenGL_Coursework\main.cpp(269,11): warning C4244: '=': conversion from 'double' to 'GLfloat', possible loss of data
D:\CppProjs\OpenGL_Coursework\OpenGL_Coursework\main.cpp(273,18): warning C4244: 'initializing': conversion from 'double' to 'GLfloat', possible loss of data
D:\CppProjs\OpenGL_Coursework\OpenGL_Coursework\main.cpp(274,18): warning C4244: 'initializing': conversion from 'double' to 'GLfloat', possible loss of data
D:\CppProjs\OpenGL_Coursework\OpenGL_Coursework\main.cpp(276,10): warning C4244: '=': conversion from 'double' to 'GLfloat', possible loss of data
D:\CppProjs\OpenGL_Coursework\OpenGL_Coursework\main.cpp(277,10): warning C4244: '=': conversion from 'double' to 'GLfloat', possible loss of data
D:\CppProjs\OpenGL_Coursework\OpenGL_Coursework\main.cpp(283,28): warning C4244: 'argument': conversion from 'double' to 'GLfloat', possible loss of data
  Material.cpp
  Mesh.cpp
D:\CppProjs\OpenGL_Coursework\OpenGL_Coursework\Mesh.cpp(6,48): warning C4267: '=': conversion from 'size_t' to 'unsigned int', possible loss of data
D:\CppProjs\OpenGL_Coursework\OpenGL_Coursework\Mesh.cpp(7,46): warning C4267: '=': conversion from 'size_t' to 'unsigned int', possible loss of data
  Model.cpp
  Primitives.cpp
  Shader.cpp
  Texture.cpp
LINK : warning LNK4098: defaultlib 'LIBCMT' conflicts with use of other libs; use /NODEFAULTLIB:library
Game.obj : error LNK2001: unresolved external symbol __imp_glViewport
Game.obj : error LNK2001: unresolved external symbol __imp_glClear
Game.obj : error LNK2001: unresolved external symbol __imp_glPolygonMode
Game.obj : error LNK2001: unresolved external symbol __imp_glBindTexture
soil2.lib(SOIL2.obj) : error LNK2001: unresolved external symbol __imp_glBindTexture
Game.obj : error LNK2001: unresolved external symbol __imp_glEnable
Game.obj : error LNK2001: unresolved external symbol __imp_glCullFace
Game.obj : error LNK2001: unresolved external symbol __imp_glFrontFace
Game.obj : error LNK2001: unresolved external symbol __imp_glBlendFunc
Game.obj : error LNK2001: unresolved external symbol __imp_glClearColor
Game.obj : error LNK2001: unresolved external symbol __imp_glFlush
Mesh.obj : error LNK2001: unresolved external symbol __imp_glDrawArrays
Mesh.obj : error LNK2001: unresolved external symbol __imp_glDrawElements
Texture.obj : error LNK2001: unresolved external symbol __imp_glGenTextures
soil2.lib(SOIL2.obj) : error LNK2001: unresolved external symbol __imp_glGenTextures
Texture.obj : error LNK2001: unresolved external symbol __imp_glTexParameteri
soil2.lib(SOIL2.obj) : error LNK2001: unresolved external symbol __imp_glTexParameteri
Texture.obj : error LNK2001: unresolved external symbol __imp_glDeleteTextures
soil2.lib(SOIL2.obj) : error LNK2001: unresolved external symbol __imp_glDeleteTextures
Texture.obj : error LNK2001: unresolved external symbol __imp_glTexImage2D
soil2.lib(SOIL2.obj) : error LNK2001: unresolved external symbol __imp_glTexImage2D
glew32s.lib(glew.obj) : error LNK2001: unresolved external symbol __imp_glGetString
soil2.lib(SOIL2.obj) : error LNK2001: unresolved external symbol __imp_glGetString
glew32s.lib(glew.obj) : error LNK2001: unresolved external symbol __imp_wglGetCurrentDC
glew32s.lib(glew.obj) : error LNK2001: unresolved external symbol __imp_wglGetProcAddress
soil2.lib(SOIL2.obj) : error LNK2001: unresolved external symbol __imp_wglGetProcAddress
soil2.lib(SOIL2.obj) : error LNK2001: unresolved external symbol __imp_glGetError
soil2.lib(SOIL2.obj) : error LNK2001: unresolved external symbol __imp_glGetIntegerv
soil2.lib(SOIL2.obj) : error LNK2001: unresolved external symbol __imp_glPixelStorei
soil2.lib(SOIL2.obj) : error LNK2001: unresolved external symbol __imp_glReadPixels
D:\CppProjs\OpenGL_Coursework\x64\Release\OpenGL_Coursework.exe : fatal error LNK1120: 23 unresolved externals
